c:\users\fredd\documents\comp sci\year 2\c++\projects\tetris\tetris\tetris\x64\release\vc143.pdb
c:\users\fredd\documents\comp sci\year 2\c++\projects\tetris\tetris\tetris\x64\release\tetrominoes.obj
c:\users\fredd\documents\comp sci\year 2\c++\projects\tetris\tetris\tetris\x64\release\raylibcpp.obj
c:\users\fredd\documents\comp sci\year 2\c++\projects\tetris\tetris\tetris\x64\release\main.obj
c:\users\fredd\documents\comp sci\year 2\c++\projects\tetris\tetris\tetris\x64\release\game.obj
c:\users\fredd\documents\comp sci\year 2\c++\projects\tetris\tetris\tetris\x64\release\boards.obj
c:\users\fredd\documents\comp sci\year 2\c++\projects\tetris\tetris\x64\release\tetris.exe
c:\users\fredd\documents\comp sci\year 2\c++\projects\tetris\tetris\x64\release\tetris.pdb
c:\users\fredd\documents\comp sci\year 2\c++\projects\tetris\tetris\tetris\x64\release\tetris.iobj
c:\users\fredd\documents\comp sci\year 2\c++\projects\tetris\tetris\tetris\x64\release\tetris.res
c:\users\fredd\documents\comp sci\year 2\c++\projects\tetris\tetris\x64\release\raylib.dll
c:\users\fredd\documents\comp sci\year 2\c++\projects\tetris\tetris\tetris\x64\release\tetris.ipdb
c:\users\fredd\documents\comp sci\year 2\c++\projects\tetris\tetris\tetris\x64\release\tetris.tlog\cl.command.1.tlog
c:\users\fredd\documents\comp sci\year 2\c++\projects\tetris\tetris\tetris\x64\release\tetris.tlog\cl.items.tlog
c:\users\fredd\documents\comp sci\year 2\c++\projects\tetris\tetris\tetris\x64\release\tetris.tlog\cl.read.1.tlog
c:\users\fredd\documents\comp sci\year 2\c++\projects\tetris\tetris\tetris\x64\release\tetris.tlog\cl.write.1.tlog
c:\users\fredd\documents\comp sci\year 2\c++\projects\tetris\tetris\tetris\x64\release\tetris.tlog\link.command.1.tlog
c:\users\fredd\documents\comp sci\year 2\c++\projects\tetris\tetris\tetris\x64\release\tetris.tlog\link.read.1.tlog
c:\users\fredd\documents\comp sci\year 2\c++\projects\tetris\tetris\tetris\x64\release\tetris.tlog\link.write.1.tlog
c:\users\fredd\documents\comp sci\year 2\c++\projects\tetris\tetris\tetris\x64\release\tetris.tlog\rc.command.1.tlog
c:\users\fredd\documents\comp sci\year 2\c++\projects\tetris\tetris\tetris\x64\release\tetris.tlog\rc.read.1.tlog
c:\users\fredd\documents\comp sci\year 2\c++\projects\tetris\tetris\tetris\x64\release\tetris.tlog\rc.write.1.tlog
c:\users\fredd\documents\comp sci\year 2\c++\projects\tetris\tetris\tetris\x64\release\tetris.tlog\tetris.write.1u.tlog
